<?xml version="1.0" encoding="UTF-8"?>
<!-- Generated by org.testng.reporters.JUnitReportReporter -->
<testsuite hostname="WKWZTUPS8QyX67O" failures="0" tests="4" name="test.LoginTest" time="20.358" errors="0" timestamp="2022-11-24T09:00:45 IST" skipped="0">
  <testcase classname="test.LoginTest" name="validCredentials" time="7.429"/>
  <system-out/>
  <testcase classname="test.LoginTest" name="onlyPassword" time="4.464"/>
  <system-out/>
  <testcase classname="test.LoginTest" name="onlyUsername" time="4.095"/>
  <system-out/>
  <testcase classname="test.LoginTest" name="noCredentials" time="4.370"/>
  <system-out/>
</testsuite> <!-- test.LoginTest -->
