<?xml version="1.0" encoding="UTF-8"?>
<!-- Generated by org.testng.reporters.JUnitReportReporter -->
<testsuite hostname="WKWZTUPS8QyX67O" failures="0" tests="4" name="day3.MyFirstTestNGTest1" time="0.007" errors="0" timestamp="2022-11-22T17:28:59 IST" skipped="0">
  <testcase classname="day3.MyFirstTestNGTest1" name="logOutFromApplication" time="0.001"/>
  <system-out/>
  <testcase classname="day3.MyFirstTestNGTest1" name="createAccount" time="0.004"/>
  <system-out/>
  <testcase classname="day3.MyFirstTestNGTest1" name="login" time="0.001"/>
  <system-out/>
  <testcase classname="day3.MyFirstTestNGTest1" name="deleteAccount" time="0.001"/>
  <system-out/>
</testsuite> <!-- day3.MyFirstTestNGTest1 -->
