<?xml version="1.0" encoding="UTF-8"?>
<!-- Generated by org.testng.reporters.JUnitReportReporter -->
<testsuite hostname="WKWZTUPS8QyX67O" failures="0" tests="1" name="day4.ReadingExcel" time="0.474" errors="0" timestamp="2022-11-23T21:49:01 IST" skipped="0">
  <testcase classname="day4.ReadingExcel" name="testData" time="0.474"/>
  <system-out/>
</testsuite> <!-- day4.ReadingExcel -->
