<?xml version="1.0" encoding="UTF-8"?>
<!-- Generated by org.testng.reporters.JUnitReportReporter -->
<testsuite hostname="WKWZTUPS8QyX67O" failures="0" tests="4" name="day3.MyFirstTestNGTest" time="0.006" errors="0" timestamp="2022-11-22T12:47:04 IST" skipped="0">
  <testcase classname="day3.MyFirstTestNGTest" name="deleteAccount" time="0.001"/>
  <system-out/>
  <testcase classname="day3.MyFirstTestNGTest" name="logOutFromApplication" time="0.000"/>
  <system-out/>
  <testcase classname="day3.MyFirstTestNGTest" name="login" time="0.000"/>
  <system-out/>
  <testcase classname="day3.MyFirstTestNGTest" name="createAccount" time="0.005"/>
  <system-out/>
</testsuite> <!-- day3.MyFirstTestNGTest -->
