<?xml version="1.0" encoding="UTF-8"?>
<!-- Generated by org.testng.reporters.JUnitReportReporter -->
<testsuite hostname="WKWZTUPS8QyX67O" failures="0" tests="1" name="day2.Task1" time="10.024" errors="0" timestamp="2022-11-23T15:54:34 IST" skipped="0">
  <testcase classname="day2.Task1" name="timetTest" time="10.024"/>
  <system-out/>
</testsuite> <!-- day2.Task1 -->
