<?xml version="1.0" encoding="UTF-8"?>
<!-- Generated by org.testng.reporters.JUnitReportReporter -->
<testsuite hostname="WKWZTUPS8QyX67O" failures="0" tests="1" name="test.Task2" time="8.691" errors="0" timestamp="2022-11-24T09:00:45 IST" skipped="0">
  <testcase classname="test.Task2" name="t4" time="8.691"/>
  <system-out/>
</testsuite> <!-- test.Task2 -->
