<?xml version="1.0" encoding="UTF-8"?>
<!-- Generated by org.testng.reporters.JUnitReportReporter -->
<testsuite hostname="WKWZTUPS8QyX67O" failures="0" tests="4" name="day3.LoginTest" time="21.512" errors="0" timestamp="2022-11-22T16:24:08 IST" skipped="0">
  <testcase classname="day3.LoginTest" name="onlyPassword" time="4.495"/>
  <system-out/>
  <testcase classname="day3.LoginTest" name="validCredentials" time="8.286"/>
  <system-out/>
  <testcase classname="day3.LoginTest" name="noCredentials" time="4.358"/>
  <system-out/>
  <testcase classname="day3.LoginTest" name="onlyUsername" time="4.373"/>
  <system-out/>
</testsuite> <!-- day3.LoginTest -->
