<?xml version="1.0" encoding="UTF-8"?>
<!-- Generated by org.testng.reporters.JUnitReportReporter -->
<testsuite hostname="WKWZTUPS8QyX67O" failures="0" tests="1" name="day5.SeleniumGridDemo" time="4.272" errors="0" timestamp="2022-11-24T10:44:41 IST" skipped="0">
  <testcase classname="day5.SeleniumGridDemo" name="ineuron" time="4.272"/>
  <system-out/>
</testsuite> <!-- day5.SeleniumGridDemo -->
