<?xml version="1.0" encoding="UTF-8"?>
<!-- Generated by org.testng.reporters.JUnitReportReporter -->
<testsuite hostname="WKWZTUPS8QyX67O" failures="0" tests="5" name="day5.SeleniumTest" time="13.205" errors="0" timestamp="2022-11-24T11:58:59 IST" skipped="0">
  <testcase classname="day5.SeleniumTest" name="ineuron" time="2.053"/>
  <system-out/>
  <testcase classname="day5.SeleniumTest" name="ineuron" time="2.021"/>
  <system-out/>
  <testcase classname="day5.SeleniumTest" name="ineuron" time="2.063"/>
  <system-out/>
  <testcase classname="day5.SeleniumTest" name="ineuron" time="3.675"/>
  <system-out/>
  <testcase classname="day5.SeleniumTest" name="ineuron" time="3.393"/>
  <system-out/>
</testsuite> <!-- day5.SeleniumTest -->
