<?xml version="1.0" encoding="UTF-8"?>
<!-- Generated by org.testng.reporters.JUnitReportReporter -->
<testsuite hostname="WKWZTUPS8QyX67O" failures="0" tests="1" name="test.Task7" time="23.429" errors="0" timestamp="2022-11-23T15:52:01 IST" skipped="0">
  <testcase classname="test.Task7" name="t6" time="23.429"/>
  <system-out/>
</testsuite> <!-- test.Task7 -->
