<?xml version="1.0" encoding="UTF-8"?>
<!-- Generated by org.testng.reporters.JUnitReportReporter -->
<testsuite hostname="WKWZTUPS8QyX67O" failures="0" tests="2" name="test.AssertionDemo" time="0.016" errors="0" timestamp="2022-11-24T09:06:33 IST" skipped="0">
  <testcase classname="test.AssertionDemo" name="login" time="0.016"/>
  <system-out/>
  <testcase classname="test.AssertionDemo" name="creat" time="0.000"/>
  <system-out/>
</testsuite> <!-- test.AssertionDemo -->
