<?xml version="1.0" encoding="UTF-8"?>
<!-- Generated by org.testng.reporters.JUnitReportReporter -->
<testsuite hostname="WKWZTUPS8QyX67O" failures="0" tests="1" name="test.AlertDemo" time="15.503" errors="0" timestamp="2022-11-24T09:06:33 IST" skipped="0">
  <testcase classname="test.AlertDemo" name="seleniumpractice" time="15.503"/>
  <system-out/>
</testsuite> <!-- test.AlertDemo -->
