<?xml version="1.0" encoding="UTF-8"?>
<!-- Generated by org.testng.reporters.JUnitReportReporter -->
<testsuite hostname="WKWZTUPS8QyX67O" failures="0" tests="4" name="test.LoginTest" time="20.019" errors="0" timestamp="2022-11-24T09:06:33 IST" skipped="0">
  <testcase classname="test.LoginTest" name="validCredentials" time="6.874"/>
  <system-out/>
  <testcase classname="test.LoginTest" name="noCredentials" time="4.530"/>
  <system-out/>
  <testcase classname="test.LoginTest" name="onlyUsername" time="4.303"/>
  <system-out/>
  <testcase classname="test.LoginTest" name="onlyPassword" time="4.312"/>
  <system-out/>
</testsuite> <!-- test.LoginTest -->
