<?xml version="1.0" encoding="UTF-8"?>
<!-- Generated by org.testng.reporters.JUnitReportReporter -->
<testsuite hostname="WKWZTUPS8QyX67O" failures="0" tests="4" name="test.MyFirstTestNGTest" time="0.001" errors="0" timestamp="2022-11-24T09:06:33 IST" skipped="0">
  <testcase classname="test.MyFirstTestNGTest" name="createAccount" time="0.000"/>
  <system-out/>
  <testcase classname="test.MyFirstTestNGTest" name="deleteAccount" time="0.000"/>
  <system-out/>
  <testcase classname="test.MyFirstTestNGTest" name="logOutFromApplication" time="0.000"/>
  <system-out/>
  <testcase classname="test.MyFirstTestNGTest" name="login" time="0.001"/>
  <system-out/>
</testsuite> <!-- test.MyFirstTestNGTest -->
